生成启动时间为 2016/7/19 16:23:56。
     1>项目“C:\Users\Keegan\Documents\RSSDK\FaceDetectRealSense\FaceDetect_KeeganRen\FaceDetect_KeeganRen.vcxproj”在节点 2 上(Build 个目标)。
     1>ClCompile:
         C:\Program Files (x86)\Microsoft Visual Studio 12.0\VC\bin\x86_amd64\CL.exe /c /ID:\RealSenseSDK\RSSDK\include /IC:\Users\Keegan\Documents\RSSDK\FaceDetect_KeeganRen\3rdparty\opencv\include /IC:\Users\Keegan\Documents\RSSDK\FaceDetect_KeeganRen\3rdparty\opencv\include\opencv /IC:\Users\Keegan\Documents\RSSDK\FaceDetect_KeeganRen\3rdparty\opencv\include\opencv2 /IC:\Users\Keegan\Documents\RSSDK\FaceDetect_KeeganRen\3rdparty\freeglut\include /Zi /nologo /W3 /WX- /sdl /O2 /Oi /GL /D WIN32 /D NDEBUG /D _CONSOLE /D _LIB /D _UNICODE /D UNICODE /Gm- /EHsc /MD /GS /Gy /fp:precise /Zc:wchar_t /Zc:forScope /Yu"stdafx.h" /Fp"x64\Release\FaceDetect_KeeganRen.pch" /Fo"x64\Release\\" /Fd"x64\Release\vc120.pdb" /Gd /TP /errorReport:prompt GameFaceData.cpp
         GameFaceData.cpp
     1>C:\Program Files (x86)\Microsoft Visual Studio 12.0\VC\include\utility(157): warning C4244: “初始化”: 从“int”转换到“float”，可能丢失数据
                 GameFaceData.cpp(471): 参见对正在编译的函数 模板 实例化“std::pair<std::string,float>::pair<std::basic_string<char,std::char_traits<char>,std::allocator<char>>,int,void>(std::pair<std::basic_string<char,std::char_traits<char>,std::allocator<char>>,int> &&)”的引用
                 GameFaceData.cpp(471): 参见对正在编译的函数 模板 实例化“std::pair<std::string,float>::pair<std::basic_string<char,std::char_traits<char>,std::allocator<char>>,int,void>(std::pair<std::basic_string<char,std::char_traits<char>,std::allocator<char>>,int> &&)”的引用
       Link:
         C:\Program Files (x86)\Microsoft Visual Studio 12.0\VC\bin\x86_amd64\link.exe /ERRORREPORT:PROMPT /OUT:"C:\Users\Keegan\Documents\RSSDK\FaceDetectRealSense\x64\Release\FaceDetect_KeeganRen.exe" /INCREMENTAL:NO /NOLOGO freeglut.lib opencv_ts300.lib opencv_world300.lib libpxc.lib libpxcmd.lib libpxcutils.lib libpxcutilsmd.lib kernel32.lib user32.lib gdi32.lib winspool.lib comdlg32.lib advapi32.lib shell32.lib ole32.lib oleaut32.lib uuid.lib odbc32.lib odbccp32.lib /MANIFEST /MANIFESTUAC:"level='asInvoker' uiAccess='false'" /manifest:embed /DEBUG /PDB:"C:\Users\Keegan\Documents\RSSDK\FaceDetectRealSense\x64\Release\FaceDetect_KeeganRen.pdb" /SUBSYSTEM:CONSOLE /OPT:REF /OPT:ICF /LTCG /TLBID:1 /DYNAMICBASE /NXCOMPAT /IMPLIB:"C:\Users\Keegan\Documents\RSSDK\FaceDetectRealSense\x64\Release\FaceDetect_KeeganRen.lib" /MACHINE:X64 x64\Release\ConvertPXCImage2CVMat.obj
         x64\Release\FaceDetect_KeeganRen.obj
         x64\Release\GameFaceData.obj
         x64\Release\glview.obj
         x64\Release\stdafx.obj
     1>LINK : warning LNK4098: 默认库“LIBCMT”与其他库的使用冲突；请使用 /NODEFAULTLIB:library
         正在生成代码
         已完成代码的生成
         FaceDetect_KeeganRen.vcxproj -> C:\Users\Keegan\Documents\RSSDK\FaceDetectRealSense\x64\Release\FaceDetect_KeeganRen.exe
     1>已完成生成项目“C:\Users\Keegan\Documents\RSSDK\FaceDetectRealSense\FaceDetect_KeeganRen\FaceDetect_KeeganRen.vcxproj”(Build 个目标)的操作。

生成成功。

已用时间 00:00:01.68
